<?xml version="1.0" encoding="UTF-8"?>
<testsuite name="agragar producto a carrito y validar que se agrego" tests="1" skipped="0" failures="0" errors="0" timestamp="2023-05-08T02:58:13" hostname="SQABOG-TGP4980" time="114.052">
  <properties/>
  <testcase name="Brandon ingresa y agrega un producto en app exito" classname="agragar producto a carrito y validar que se agrego" time="114.052"/>
  <system-out><![CDATA[Celular SAMSUNG Galaxy M13 128 GB Azul
Celular SAMSUNG Galaxy M13 128 GB Azul
]]></system-out>
  <system-err><![CDATA[may 07, 2023 9:58:24 PM io.appium.java_client.remote.AppiumCommandExecutor$1 lambda$0
INFORMACIÓN: Detected dialect: W3C
[Test worker] INFO net.thucydides.core.steps.ConsoleLoggingListener - 
        __    _____ _____ ____ _____   ____   _    ____  ____  _____ ____  
  _     \ \  |_   _| ____/ ___|_   _| |  _ \ / \  / ___|/ ___|| ____|  _ \ 
 (_)_____| |   | | |  _| \___ \ | |   | |_) / _ \ \___ \\___ \|  _| | | | |
  _|_____| |   | | | |___ ___) || |   |  __/ ___ \ ___) |___) | |___| |_| |
 (_)     | |   |_| |_____|____/ |_|   |_| /_/   \_\____/|____/|_____|____/ 
        /_/                                                                

TEST PASSED: Brandon ingresa y agrega un producto en app exito
----------------------------------------------------------------------------
]]></system-err>
</testsuite>
