<?xml version="1.0" encoding="UTF-8"?><testsuite errors="0" failures="1" name="agragar producto a carrito y validar que se agrego" skipped="0" tests="1" time="174.85" timestamp="2023-05-07 01:45:42"><testcase name="Brandon ingresa y agrega un producto en app exito"><failure message="Expected enabled element was not enabled" type="net.thucydides.core.webdriver.exceptions.ElementShouldBeEnabledException">Expected enabled element was not enabled</failure><system-err>Expected enabled element was not enabled&#13;
appExito.tasks.AgregarProdcutoAppExito.performAs(AgregarProdcutoAppExito.java:16)&#13;
appExito.stepDefinitions.agregarProductoAppExitoStepDefinition.iniciaSesionEnLaApp(agregarProductoAppExitoStepDefinition.java:31)&#13;
cucumber.runner.Runner.runPickle(Runner.java:80)&#13;
worker.org.gradle.process.internal.worker.GradleWorkerMain.run(GradleWorkerMain.java:69)&#13;
worker.org.gradle.process.internal.worker.GradleWorkerMain.main(GradleWorkerMain.java:74)&#13;
</system-err></testcase></testsuite>